2017-03-05T07:46:46.551-0500: 4.097: Total time for which application threads were stopped: 0.0002590 seconds
2017-03-05T07:47:02.465-0500: 20.010: Total time for which application threads were stopped: 0.0001190 seconds
2017-03-05T07:47:02.551-0500: 20.096: Total time for which application threads were stopped: 0.0053830 seconds
2017-03-05T07:47:02.571-0500: 20.116: Total time for which application threads were stopped: 0.0000480 seconds
2017-03-05T07:47:02.597-0500: 20.142: Total time for which application threads were stopped: 0.0089510 seconds
2017-03-05T07:47:02.707-0500: 20.252: Total time for which application threads were stopped: 0.0000390 seconds
2017-03-05T07:47:02.748-0500: 20.293: Total time for which application threads were stopped: 0.0304890 seconds
2017-03-05T07:47:02.771-0500: 20.316: Total time for which application threads were stopped: 0.0119820 seconds
2017-03-05T07:47:02.782-0500: 20.327: Total time for which application threads were stopped: 0.0000810 seconds
2017-03-05T07:47:02.805-0500: 20.351: Total time for which application threads were stopped: 0.0126510 seconds
2017-03-05T07:47:02.851-0500: 20.397: Total time for which application threads were stopped: 0.0357850 seconds
2017-03-05T07:47:02.863-0500: 20.408: Total time for which application threads were stopped: 0.0012980 seconds
2017-03-05T07:47:02.905-0500: 20.450: Total time for which application threads were stopped: 0.0000510 seconds
2017-03-05T07:47:02.916-0500: 20.461: Total time for which application threads were stopped: 0.0002520 seconds
2017-03-05T07:47:02.918-0500: 20.463: Total time for which application threads were stopped: 0.0000230 seconds
2017-03-05T07:47:02.926-0500: 20.471: Total time for which application threads were stopped: 0.0000320 seconds
2017-03-05T07:47:02.931-0500: 20.476: Total time for which application threads were stopped: 0.0000360 seconds
2017-03-05T07:47:02.982-0500: 20.527: Total time for which application threads were stopped: 0.0040970 seconds
2017-03-05T07:47:02.982-0500: 20.527: Total time for which application threads were stopped: 0.0000210 seconds
2017-03-05T07:47:02.982-0500: 20.527: Total time for which application threads were stopped: 0.0000170 seconds
2017-03-05T07:47:02.982-0500: 20.527: Total time for which application threads were stopped: 0.0000190 seconds
2017-03-05T07:47:02.982-0500: 20.527: Total time for which application threads were stopped: 0.0000190 seconds
2017-03-05T07:47:02.982-0500: 20.528: Total time for which application threads were stopped: 0.0000180 seconds
2017-03-05T07:47:03.023-0500: 20.568: Total time for which application threads were stopped: 0.0045360 seconds
2017-03-05T07:47:03.023-0500: 20.569: Total time for which application threads were stopped: 0.0000320 seconds
2017-03-05T07:47:03.060-0500: 20.605: Total time for which application threads were stopped: 0.0015360 seconds
2017-03-05T07:47:03.060-0500: 20.605: Total time for which application threads were stopped: 0.0000310 seconds
2017-03-05T07:47:03.062-0500: 20.608: Total time for which application threads were stopped: 0.0000300 seconds
2017-03-05T07:47:03.062-0500: 20.608: Total time for which application threads were stopped: 0.0000240 seconds
2017-03-05T07:47:03.073-0500: 20.618: Total time for which application threads were stopped: 0.0001710 seconds
2017-03-05T07:47:03.099-0500: 20.645: Total time for which application threads were stopped: 0.0007590 seconds
2017-03-05T07:47:03.099-0500: 20.645: Total time for which application threads were stopped: 0.0000370 seconds
2017-03-05T07:47:03.139-0500: 20.684: Total time for which application threads were stopped: 0.0006910 seconds
2017-03-05T07:47:03.174-0500: 20.719: Total time for which application threads were stopped: 0.0001010 seconds
2017-03-05T07:47:03.174-0500: 20.719: Total time for which application threads were stopped: 0.0000270 seconds
2017-03-05T07:47:03.174-0500: 20.719: Total time for which application threads were stopped: 0.0000290 seconds
2017-03-05T07:47:03.175-0500: 20.720: Total time for which application threads were stopped: 0.0000350 seconds
2017-03-05T07:47:03.175-0500: 20.720: Total time for which application threads were stopped: 0.0000750 seconds
2017-03-05T07:47:03.276-0500: 20.821: Total time for which application threads were stopped: 0.0155410 seconds
2017-03-05T07:47:03.276-0500: 20.821: Total time for which application threads were stopped: 0.0000340 seconds
2017-03-05T07:47:03.310-0500: 20.855: Total time for which application threads were stopped: 0.0001260 seconds
2017-03-05T07:47:03.520-0500: 21.065: Total time for which application threads were stopped: 0.0003390 seconds
2017-03-05T07:47:03.605-0500: 21.151: Total time for which application threads were stopped: 0.0000700 seconds
2017-03-05T07:47:03.690-0500: 21.235: Total time for which application threads were stopped: 0.0000600 seconds
2017-03-05T07:47:03.691-0500: 21.236: Total time for which application threads were stopped: 0.0000280 seconds
2017-03-05T07:47:03.702-0500: 21.247: Total time for which application threads were stopped: 0.0000790 seconds
2017-03-05T07:47:03.704-0500: 21.249: Total time for which application threads were stopped: 0.0000390 seconds
2017-03-05T07:47:03.715-0500: 21.260: Total time for which application threads were stopped: 0.0000680 seconds
2017-03-05T07:47:03.719-0500: 21.264: Total time for which application threads were stopped: 0.0000330 seconds
2017-03-05T07:47:03.732-0500: 21.277: Total time for which application threads were stopped: 0.0001030 seconds
2017-03-05T07:47:03.758-0500: 21.303: Total time for which application threads were stopped: 0.0000560 seconds
2017-03-05T07:47:03.769-0500: 21.314: Total time for which application threads were stopped: 0.0000540 seconds
2017-03-05T07:47:03.772-0500: 21.317: Total time for which application threads were stopped: 0.0000570 seconds
2017-03-05T07:47:03.779-0500: 21.324: Total time for which application threads were stopped: 0.0000460 seconds
2017-03-05T07:47:03.779-0500: 21.324: Total time for which application threads were stopped: 0.0000200 seconds
2017-03-05T07:47:04.058-0500: 21.603: Total time for which application threads were stopped: 0.0001410 seconds
2017-03-05T07:47:04.068-0500: 21.613: Total time for which application threads were stopped: 0.0000750 seconds
2017-03-05T07:47:04.068-0500: 21.614: Total time for which application threads were stopped: 0.0000320 seconds
2017-03-05T07:47:04.080-0500: 21.625: Total time for which application threads were stopped: 0.0000440 seconds
2017-03-05T07:47:04.175-0500: 21.720: Total time for which application threads were stopped: 0.0000630 seconds
2017-03-05T07:47:04.194-0500: 21.739: Total time for which application threads were stopped: 0.0000630 seconds
2017-03-05T07:47:04.460-0500: 22.005: Total time for which application threads were stopped: 0.0001250 seconds
2017-03-05T07:47:04.465-0500: 22.010: Total time for which application threads were stopped: 0.0000640 seconds
2017-03-05T07:47:04.645-0500: 22.190: Total time for which application threads were stopped: 0.0001170 seconds
2017-03-05T07:47:04.672-0500: 22.217: Total time for which application threads were stopped: 0.0000520 seconds
2017-03-05T07:47:04.703-0500: 22.249: Total time for which application threads were stopped: 0.0000580 seconds
2017-03-05T07:47:04.725-0500: 22.271: Total time for which application threads were stopped: 0.0000450 seconds
2017-03-05T07:47:04.981-0500: 22.526: Total time for which application threads were stopped: 0.0001030 seconds
2017-03-05T07:47:05.246-0500: 22.791: Total time for which application threads were stopped: 0.0001530 seconds
2017-03-05T07:47:05.246-0500: 22.791: Total time for which application threads were stopped: 0.0000370 seconds
2017-03-05T07:47:05.246-0500: 22.791: Total time for which application threads were stopped: 0.0000260 seconds
2017-03-05T07:47:05.363-0500: 22.908: Total time for which application threads were stopped: 0.0000740 seconds
2017-03-05T07:47:05.390-0500: 22.935: [GC (Allocation Failure)
Desired survivor size 22020096 bytes, new threshold 7 (max 15)
[PSYoungGen: 132096K->13777K(153600K)] 132096K->13849K(503296K), 0.0418780 secs] [Times: user=0.04 sys=0.00, real=0.04 secs]
2017-03-05T07:47:05.432-0500: 22.977: Total time for which application threads were stopped: 0.0420380 seconds
2017-03-05T07:47:05.448-0500: 22.993: Total time for which application threads were stopped: 0.0007500 seconds
2017-03-05T07:47:05.448-0500: 22.993: Total time for which application threads were stopped: 0.0000290 seconds
2017-03-05T07:47:05.448-0500: 22.993: Total time for which application threads were stopped: 0.0000210 seconds
2017-03-05T07:47:05.448-0500: 22.993: Total time for which application threads were stopped: 0.0000160 seconds
2017-03-05T07:47:05.448-0500: 22.993: Total time for which application threads were stopped: 0.0000160 seconds
2017-03-05T07:47:05.448-0500: 22.993: Total time for which application threads were stopped: 0.0000150 seconds
2017-03-05T07:47:05.448-0500: 22.993: Total time for which application threads were stopped: 0.0000290 seconds
2017-03-05T07:47:05.448-0500: 22.993: Total time for which application threads were stopped: 0.0000230 seconds
2017-03-05T07:47:05.448-0500: 22.993: Total time for which application threads were stopped: 0.0000170 seconds
2017-03-05T07:47:05.448-0500: 22.993: Total time for which application threads were stopped: 0.0000150 seconds
2017-03-05T07:47:05.448-0500: 22.993: Total time for which application threads were stopped: 0.0000150 seconds
2017-03-05T07:47:05.448-0500: 22.993: Total time for which application threads were stopped: 0.0000150 seconds
2017-03-05T07:47:05.448-0500: 22.993: Total time for which application threads were stopped: 0.0000150 seconds
2017-03-05T07:47:05.448-0500: 22.993: Total time for which application threads were stopped: 0.0000150 seconds
2017-03-05T07:47:05.448-0500: 22.993: Total time for which application threads were stopped: 0.0000150 seconds
2017-03-05T07:47:05.448-0500: 22.993: Total time for which application threads were stopped: 0.0000150 seconds
2017-03-05T07:47:05.448-0500: 22.993: Total time for which application threads were stopped: 0.0000170 seconds
2017-03-05T07:47:05.448-0500: 22.993: Total time for which application threads were stopped: 0.0000150 seconds
2017-03-05T07:47:05.448-0500: 22.993: Total time for which application threads were stopped: 0.0000270 seconds
2017-03-05T07:47:05.448-0500: 22.994: Total time for which application threads were stopped: 0.0000870 seconds
2017-03-05T07:47:05.448-0500: 22.994: Total time for which application threads were stopped: 0.0000350 seconds
2017-03-05T07:47:05.449-0500: 22.994: Total time for which application threads were stopped: 0.0000290 seconds
2017-03-05T07:47:05.449-0500: 22.994: Total time for which application threads were stopped: 0.0000260 seconds
2017-03-05T07:47:05.449-0500: 22.994: Total time for which application threads were stopped: 0.0000270 seconds
2017-03-05T07:47:05.449-0500: 22.994: Total time for which application threads were stopped: 0.0000390 seconds
2017-03-05T07:47:05.449-0500: 22.994: Total time for which application threads were stopped: 0.0000320 seconds
2017-03-05T07:47:05.449-0500: 22.994: Total time for which application threads were stopped: 0.0000280 seconds
2017-03-05T07:47:05.449-0500: 22.994: Total time for which application threads were stopped: 0.0000300 seconds
2017-03-05T07:47:05.449-0500: 22.994: Total time for which application threads were stopped: 0.0000390 seconds
2017-03-05T07:47:05.449-0500: 22.994: Total time for which application threads were stopped: 0.0000290 seconds
2017-03-05T07:47:05.449-0500: 22.994: Total time for which application threads were stopped: 0.0000280 seconds
2017-03-05T07:47:05.449-0500: 22.994: Total time for which application threads were stopped: 0.0000270 seconds
2017-03-05T07:47:05.449-0500: 22.994: Total time for which application threads were stopped: 0.0000270 seconds
2017-03-05T07:47:05.449-0500: 22.994: Total time for which application threads were stopped: 0.0000270 seconds
2017-03-05T07:47:05.449-0500: 22.994: Total time for which application threads were stopped: 0.0000470 seconds
2017-03-05T07:47:05.450-0500: 22.995: Total time for which application threads were stopped: 0.0000370 seconds
2017-03-05T07:47:05.450-0500: 22.995: Total time for which application threads were stopped: 0.0000320 seconds
2017-03-05T07:47:05.450-0500: 22.995: Total time for which application threads were stopped: 0.0000290 seconds
2017-03-05T07:47:05.450-0500: 22.995: Total time for which application threads were stopped: 0.0000290 seconds
2017-03-05T07:47:05.450-0500: 22.995: Total time for which application threads were stopped: 0.0000300 seconds
2017-03-05T07:47:05.450-0500: 22.995: Total time for which application threads were stopped: 0.0000320 seconds
2017-03-05T07:47:05.450-0500: 22.996: Total time for which application threads were stopped: 0.0000320 seconds
2017-03-05T07:47:05.450-0500: 22.996: Total time for which application threads were stopped: 0.0000290 seconds
2017-03-05T07:47:05.451-0500: 22.997: Total time for which application threads were stopped: 0.0000350 seconds
2017-03-05T07:47:05.452-0500: 22.997: Total time for which application threads were stopped: 0.0000300 seconds
2017-03-05T07:47:05.452-0500: 22.997: Total time for which application threads were stopped: 0.0000630 seconds
2017-03-05T07:47:05.452-0500: 22.997: Total time for which application threads were stopped: 0.0000310 seconds
2017-03-05T07:47:05.452-0500: 22.997: Total time for which application threads were stopped: 0.0000300 seconds
2017-03-05T07:47:05.452-0500: 22.997: Total time for which application threads were stopped: 0.0000320 seconds
2017-03-05T07:47:05.453-0500: 22.998: Total time for which application threads were stopped: 0.0000330 seconds
2017-03-05T07:47:05.453-0500: 22.998: Total time for which application threads were stopped: 0.0000290 seconds
2017-03-05T07:47:05.453-0500: 22.998: Total time for which application threads were stopped: 0.0000380 seconds
2017-03-05T07:47:05.453-0500: 22.998: Total time for which application threads were stopped: 0.0000290 seconds
2017-03-05T07:47:05.453-0500: 22.998: Total time for which application threads were stopped: 0.0000280 seconds
2017-03-05T07:47:05.453-0500: 22.998: Total time for which application threads were stopped: 0.0000700 seconds
2017-03-05T07:47:05.789-0500: 23.334: Total time for which application threads were stopped: 0.0001720 seconds
2017-03-05T07:47:05.809-0500: 23.354: Total time for which application threads were stopped: 0.0000790 seconds
2017-03-05T07:47:05.892-0500: 23.437: Total time for which application threads were stopped: 0.0000810 seconds
2017-03-05T07:47:05.905-0500: 23.450: Total time for which application threads were stopped: 0.0000760 seconds
2017-03-05T07:47:05.909-0500: 23.455: Total time for which application threads were stopped: 0.0000520 seconds
2017-03-05T07:47:05.926-0500: 23.472: Total time for which application threads were stopped: 0.0000700 seconds
2017-03-05T07:47:05.932-0500: 23.477: Total time for which application threads were stopped: 0.0000620 seconds
2017-03-05T07:47:05.968-0500: 23.513: Total time for which application threads were stopped: 0.0000570 seconds
2017-03-05T07:47:05.969-0500: 23.515: Total time for which application threads were stopped: 0.0000310 seconds
2017-03-05T07:47:05.969-0500: 23.515: Total time for which application threads were stopped: 0.0000200 seconds
2017-03-05T07:47:05.970-0500: 23.515: Total time for which application threads were stopped: 0.0000250 seconds
2017-03-05T07:47:06.316-0500: 23.861: Total time for which application threads were stopped: 0.0001730 seconds
2017-03-05T07:47:06.645-0500: 24.190: [GC (Allocation Failure)
Desired survivor size 22020096 bytes, new threshold 7 (max 15)
[PSYoungGen: 145873K->21502K(153600K)] 145945K->28462K(503296K), 0.0626860 secs] [Times: user=0.06 sys=0.01, real=0.07 secs]
2017-03-05T07:47:06.708-0500: 24.253: Total time for which application threads were stopped: 0.0628340 seconds
2017-03-05T07:47:06.768-0500: 24.314: Total time for which application threads were stopped: 0.0277480 seconds
2017-03-05T07:47:06.790-0500: 24.335: Total time for which application threads were stopped: 0.0110570 seconds
2017-03-05T07:47:06.790-0500: 24.335: Total time for which application threads were stopped: 0.0000240 seconds
2017-03-05T07:47:06.790-0500: 24.335: Total time for which application threads were stopped: 0.0001440 seconds
2017-03-05T07:47:06.790-0500: 24.335: Total time for which application threads were stopped: 0.0000200 seconds
2017-03-05T07:47:06.790-0500: 24.335: Total time for which application threads were stopped: 0.0000160 seconds
2017-03-05T07:47:06.790-0500: 24.335: Total time for which application threads were stopped: 0.0000160 seconds
2017-03-05T07:47:06.790-0500: 24.335: Total time for which application threads were stopped: 0.0000150 seconds
2017-03-05T07:47:06.790-0500: 24.335: Total time for which application threads were stopped: 0.0000150 seconds
2017-03-05T07:47:06.790-0500: 24.335: Total time for which application threads were stopped: 0.0000150 seconds
2017-03-05T07:47:06.790-0500: 24.335: Total time for which application threads were stopped: 0.0000220 seconds
2017-03-05T07:47:06.790-0500: 24.336: Total time for which application threads were stopped: 0.0000160 seconds
2017-03-05T07:47:06.790-0500: 24.336: Total time for which application threads were stopped: 0.0000150 seconds
2017-03-05T07:47:06.790-0500: 24.336: Total time for which application threads were stopped: 0.0000160 seconds
2017-03-05T07:47:06.790-0500: 24.336: Total time for which application threads were stopped: 0.0000160 seconds
2017-03-05T07:47:06.790-0500: 24.336: Total time for which application threads were stopped: 0.0000150 seconds
2017-03-05T07:47:06.790-0500: 24.336: Total time for which application threads were stopped: 0.0000150 seconds
2017-03-05T07:47:06.791-0500: 24.336: Total time for which application threads were stopped: 0.0000180 seconds
2017-03-05T07:47:06.791-0500: 24.336: Total time for which application threads were stopped: 0.0000230 seconds
2017-03-05T07:47:06.791-0500: 24.336: Total time for which application threads were stopped: 0.0000920 seconds
2017-03-05T07:47:06.795-0500: 24.340: Total time for which application threads were stopped: 0.0000480 seconds
2017-03-05T07:47:06.795-0500: 24.340: Total time for which application threads were stopped: 0.0000340 seconds
2017-03-05T07:47:06.795-0500: 24.340: Total time for which application threads were stopped: 0.0000300 seconds
2017-03-05T07:47:06.795-0500: 24.341: Total time for which application threads were stopped: 0.0000300 seconds
2017-03-05T07:47:06.795-0500: 24.341: Total time for which application threads were stopped: 0.0000290 seconds
2017-03-05T07:47:06.795-0500: 24.341: Total time for which application threads were stopped: 0.0000340 seconds
2017-03-05T07:47:06.796-0500: 24.341: Total time for which application threads were stopped: 0.0000310 seconds
2017-03-05T07:47:06.796-0500: 24.341: Total time for which application threads were stopped: 0.0000350 seconds
2017-03-05T07:47:06.796-0500: 24.342: Total time for which application threads were stopped: 0.0000310 seconds
2017-03-05T07:47:06.797-0500: 24.342: Total time for which application threads were stopped: 0.0000320 seconds
2017-03-05T07:47:06.799-0500: 24.344: Total time for which application threads were stopped: 0.0000390 seconds
2017-03-05T07:47:06.814-0500: 24.359: Total time for which application threads were stopped: 0.0000880 seconds
2017-03-05T07:47:06.843-0500: 24.388: Total time for which application threads were stopped: 0.0178480 seconds
2017-03-05T07:47:06.845-0500: 24.390: Total time for which application threads were stopped: 0.0000450 seconds
2017-03-05T07:47:06.845-0500: 24.390: Total time for which application threads were stopped: 0.0000310 seconds
2017-03-05T07:47:06.845-0500: 24.390: Total time for which application threads were stopped: 0.0000290 seconds
2017-03-05T07:47:06.846-0500: 24.391: Total time for which application threads were stopped: 0.0000350 seconds
2017-03-05T07:47:06.846-0500: 24.391: Total time for which application threads were stopped: 0.0000300 seconds
2017-03-05T07:47:06.846-0500: 24.391: Total time for which application threads were stopped: 0.0000290 seconds
2017-03-05T07:47:06.846-0500: 24.391: Total time for which application threads were stopped: 0.0000700 seconds
2017-03-05T07:47:07.804-0500: 25.349: [GC (Allocation Failure)
Desired survivor size 22020096 bytes, new threshold 7 (max 15)
[PSYoungGen: 153598K->21497K(153600K)] 160558K->39967K(503296K), 0.0385340 secs] [Times: user=0.04 sys=0.01, real=0.04 secs]
2017-03-05T07:47:07.842-0500: 25.387: Total time for which application threads were stopped: 0.0387560 seconds
2017-03-05T07:47:08.195-0500: 25.740: [GC (Allocation Failure)
Desired survivor size 22020096 bytes, new threshold 7 (max 15)
[PSYoungGen: 153593K->21479K(285696K)] 172063K->54770K(635392K), 0.0431610 secs] [Times: user=0.04 sys=0.00, real=0.05 secs]
2017-03-05T07:47:08.238-0500: 25.783: Total time for which application threads were stopped: 0.0433780 seconds
2017-03-05T07:47:08.885-0500: 26.430: [GC (Allocation Failure)
Desired survivor size 69206016 bytes, new threshold 6 (max 15)
[PSYoungGen: 285671K->21491K(285696K)] 318962K->98458K(635392K), 0.0645850 secs] [Times: user=0.05 sys=0.02, real=0.07 secs]
2017-03-05T07:47:08.950-0500: 26.495: Total time for which application threads were stopped: 0.0647730 seconds
2017-03-05T07:47:09.680-0500: 27.225: [GC (Allocation Failure)
Desired survivor size 81264640 bytes, new threshold 5 (max 15)
[PSYoungGen: 285683K->63969K(254976K)] 362650K->142106K(604672K), 22.7851730 secs] [Times: user=0.08 sys=0.02, real=22.83 secs]
2017-03-05T07:47:32.510-0500: 50.056: Total time for which application threads were stopped: 22.8306540 seconds
2017-03-05T07:47:33.513-0500: 51.058: Total time for which application threads were stopped: 0.0001000 seconds
2017-03-05T07:47:33.790-0500: 51.336: [GC (Allocation Failure)
Desired survivor size 81264640 bytes, new threshold 4 (max 15)
[PSYoungGen: 254945K->50564K(270336K)] 333082K->139973K(620032K), 0.1312060 secs] [Times: user=0.07 sys=0.00, real=0.13 secs]
2017-03-05T07:47:33.922-0500: 51.467: Total time for which application threads were stopped: 0.1313480 seconds
2017-03-05T07:47:34.922-0500: 52.467: Total time for which application threads were stopped: 0.0001040 seconds
2017-03-05T07:47:34.964-0500: 52.510: [GC (Allocation Failure)
Desired survivor size 79167488 bytes, new threshold 3 (max 15)
[PSYoungGen: 241540K->48151K(266240K)] 330949K->142553K(615936K), 0.0568170 secs] [Times: user=0.05 sys=0.00, real=0.06 secs]
2017-03-05T07:47:35.021-0500: 52.567: Total time for which application threads were stopped: 0.0569690 seconds
2017-03-05T07:47:35.586-0500: 53.132: Total time for which application threads were stopped: 0.0002240 seconds
2017-03-05T07:47:36.439-0500: 53.984: [GC (Allocation Failure)
Desired survivor size 77594624 bytes, new threshold 2 (max 15)
[PSYoungGen: 239127K->47106K(268288K)] 333529K->153417K(617984K), 0.1017070 secs] [Times: user=0.05 sys=0.01, real=0.10 secs]
2017-03-05T07:47:36.541-0500: 54.086: Total time for which application threads were stopped: 0.1019410 seconds
2017-03-05T07:47:37.479-0500: 55.024: Total time for which application threads were stopped: 0.0002090 seconds
2017-03-05T07:47:37.536-0500: 55.081: Total time for which application threads were stopped: 0.0000610 seconds
2017-03-05T07:47:37.699-0500: 55.244: Total time for which application threads were stopped: 0.0000830 seconds
2017-03-05T07:47:37.721-0500: 55.266: Total time for which application threads were stopped: 0.0000700 seconds
2017-03-05T07:47:37.729-0500: 55.275: Total time for which application threads were stopped: 0.0000700 seconds
2017-03-05T07:47:37.740-0500: 55.285: Total time for which application threads were stopped: 0.0000790 seconds
2017-03-05T07:47:37.764-0500: 55.309: Total time for which application threads were stopped: 0.0000710 seconds
2017-03-05T07:47:37.768-0500: 55.313: Total time for which application threads were stopped: 0.0000490 seconds
2017-03-05T07:47:37.768-0500: 55.313: Total time for which application threads were stopped: 0.0000350 seconds
2017-03-05T07:47:37.772-0500: 55.318: Total time for which application threads were stopped: 0.0000410 seconds
2017-03-05T07:47:37.817-0500: 55.362: Total time for which application threads were stopped: 0.0000710 seconds
2017-03-05T07:47:37.849-0500: 55.394: Total time for which application threads were stopped: 0.0001460 seconds
2017-03-05T07:47:38.450-0500: 55.995: Total time for which application threads were stopped: 0.0002260 seconds
2017-03-05T07:47:38.674-0500: 56.219: Total time for which application threads were stopped: 0.0000730 seconds
2017-03-05T07:47:38.788-0500: 56.333: [GC (Allocation Failure)
Desired survivor size 77594624 bytes, new threshold 1 (max 15)
[PSYoungGen: 238082K->22916K(271872K)] 344393K->136273K(621568K), 0.0563040 secs] [Times: user=0.04 sys=0.00, real=0.05 secs]
2017-03-05T07:47:38.844-0500: 56.389: Total time for which application threads were stopped: 0.0564490 seconds
2017-03-05T07:47:39.859-0500: 57.405: Total time for which application threads were stopped: 0.0150410 seconds
2017-03-05T07:47:40.916-0500: 58.462: Total time for which application threads were stopped: 0.0526280 seconds
2017-03-05T07:47:41.933-0500: 59.479: Total time for which application threads were stopped: 0.0168860 seconds
2017-03-05T07:47:42.942-0500: 60.487: Total time for which application threads were stopped: 0.0084870 seconds
2017-03-05T07:47:43.425-0500: 60.970: Total time for which application threads were stopped: 0.0001210 seconds
2017-03-05T07:47:43.774-0500: 61.319: Total time for which application threads were stopped: 0.0001420 seconds
2017-03-05T07:47:43.915-0500: 61.460: Total time for which application threads were stopped: 0.0000530 seconds
2017-03-05T07:47:43.946-0500: 61.492: Total time for which application threads were stopped: 0.0002150 seconds
2017-03-05T07:47:44.967-0500: 62.513: Total time for which application threads were stopped: 0.0174980 seconds
2017-03-05T07:47:45.927-0500: 63.472: [GC (Allocation Failure)
Desired survivor size 77594624 bytes, new threshold 1 (max 15)
[PSYoungGen: 219524K->20559K(272384K)] 332881K->138861K(622080K), 0.1145910 secs] [Times: user=0.04 sys=0.00, real=0.12 secs]
2017-03-05T07:47:46.042-0500: 63.587: Total time for which application threads were stopped: 0.1148580 seconds
2017-03-05T07:47:46.058-0500: 63.603: Total time for which application threads were stopped: 0.0029060 seconds
2017-03-05T07:47:46.061-0500: 63.607: Total time for which application threads were stopped: 0.0028440 seconds
2017-03-05T07:47:47.082-0500: 64.628: Total time for which application threads were stopped: 0.0207550 seconds
2017-03-05T07:47:47.105-0500: 64.650: Total time for which application threads were stopped: 0.0002170 seconds
2017-03-05T07:47:47.228-0500: 64.773: Total time for which application threads were stopped: 0.0000700 seconds
2017-03-05T07:47:47.318-0500: 64.863: Total time for which application threads were stopped: 0.0002460 seconds
2017-03-05T07:47:48.228-0500: 65.773: Total time for which application threads were stopped: 0.0002210 seconds
2017-03-05T07:47:48.271-0500: 65.816: Total time for which application threads were stopped: 0.0001300 seconds
2017-03-05T07:47:48.742-0500: 66.287: Total time for which application threads were stopped: 0.0002450 seconds
2017-03-05T07:47:48.805-0500: 66.351: Total time for which application threads were stopped: 0.0001350 seconds
2017-03-05T07:47:49.806-0500: 67.351: Total time for which application threads were stopped: 0.0001880 seconds
2017-03-05T07:47:50.823-0500: 68.368: Total time for which application threads were stopped: 0.0169190 seconds
2017-03-05T07:47:51.072-0500: 68.617: Total time for which application threads were stopped: 0.0002690 seconds
2017-03-05T07:47:51.273-0500: 68.818: Total time for which application threads were stopped: 0.0002790 seconds
2017-03-05T07:47:51.605-0500: 69.150: Total time for which application threads were stopped: 0.0003350 seconds
2017-03-05T07:47:51.786-0500: 69.331: Total time for which application threads were stopped: 0.0000730 seconds
2017-03-05T07:47:51.800-0500: 69.346: Total time for which application threads were stopped: 0.0000780 seconds
2017-03-05T07:47:51.801-0500: 69.346: Total time for which application threads were stopped: 0.0000320 seconds
2017-03-05T07:47:51.801-0500: 69.346: Total time for which application threads were stopped: 0.0000220 seconds
2017-03-05T07:47:51.801-0500: 69.346: Total time for which application threads were stopped: 0.0000290 seconds
2017-03-05T07:47:51.801-0500: 69.346: Total time for which application threads were stopped: 0.0000210 seconds
2017-03-05T07:47:51.803-0500: 69.348: Total time for which application threads were stopped: 0.0000630 seconds
2017-03-05T07:47:51.808-0500: 69.353: Total time for which application threads were stopped: 0.0000620 seconds
2017-03-05T07:47:51.818-0500: 69.363: Total time for which application threads were stopped: 0.0000690 seconds
2017-03-05T07:47:51.818-0500: 69.363: Total time for which application threads were stopped: 0.0000260 seconds
2017-03-05T07:47:51.834-0500: 69.379: Total time for which application threads were stopped: 0.0000820 seconds
2017-03-05T07:47:52.845-0500: 70.390: Total time for which application threads were stopped: 0.0012440 seconds
2017-03-05T07:47:53.005-0500: 70.550: [GC (Allocation Failure)
Desired survivor size 78118912 bytes, new threshold 1 (max 15)
[PSYoungGen: 217167K->15047K(272896K)] 335469K->140366K(622592K), 0.0481780 secs] [Times: user=0.04 sys=0.00, real=0.05 secs]
2017-03-05T07:47:53.053-0500: 70.599: Total time for which application threads were stopped: 0.0483260 seconds
2017-03-05T07:47:53.088-0500: 70.633: Total time for which application threads were stopped: 0.0000740 seconds
2017-03-05T07:47:53.998-0500: 71.543: Total time for which application threads were stopped: 0.0002160 seconds
2017-03-05T07:47:53.998-0500: 71.543: Total time for which application threads were stopped: 0.0000250 seconds
2017-03-05T07:47:53.998-0500: 71.543: Total time for which application threads were stopped: 0.0000260 seconds
2017-03-05T07:47:53.998-0500: 71.543: Total time for which application threads were stopped: 0.0000200 seconds
2017-03-05T07:47:53.998-0500: 71.544: Total time for which application threads were stopped: 0.0000240 seconds
2017-03-05T07:47:53.998-0500: 71.544: Total time for which application threads were stopped: 0.0000190 seconds
2017-03-05T07:47:53.999-0500: 71.544: Total time for which application threads were stopped: 0.0000270 seconds
2017-03-05T07:47:53.999-0500: 71.544: Total time for which application threads were stopped: 0.0000200 seconds
2017-03-05T07:47:54.055-0500: 71.600: Total time for which application threads were stopped: 0.0000640 seconds
2017-03-05T07:47:54.160-0500: 71.705: Total time for which application threads were stopped: 0.0003440 seconds
2017-03-05T07:47:55.168-0500: 72.713: Total time for which application threads were stopped: 0.0002040 seconds
2017-03-05T07:47:56.197-0500: 73.742: Total time for which application threads were stopped: 0.0189030 seconds
2017-03-05T07:47:56.316-0500: 73.862: Total time for which application threads were stopped: 0.0000710 seconds
2017-03-05T07:47:56.318-0500: 73.864: Total time for which application threads were stopped: 0.0000310 seconds
2017-03-05T07:47:56.318-0500: 73.864: Total time for which application threads were stopped: 0.0000230 seconds
2017-03-05T07:47:56.318-0500: 73.864: Total time for which application threads were stopped: 0.0000180 seconds
2017-03-05T07:47:56.319-0500: 73.864: Total time for which application threads were stopped: 0.0001500 seconds
2017-03-05T07:47:56.319-0500: 73.864: Total time for which application threads were stopped: 0.0000220 seconds
2017-03-05T07:47:56.319-0500: 73.864: Total time for which application threads were stopped: 0.0000290 seconds
2017-03-05T07:47:56.319-0500: 73.864: Total time for which application threads were stopped: 0.0000250 seconds
2017-03-05T07:47:56.319-0500: 73.864: Total time for which application threads were stopped: 0.0000180 seconds
2017-03-05T07:47:56.319-0500: 73.864: Total time for which application threads were stopped: 0.0000180 seconds
2017-03-05T07:47:56.319-0500: 73.864: Total time for which application threads were stopped: 0.0000180 seconds
2017-03-05T07:47:56.319-0500: 73.864: Total time for which application threads were stopped: 0.0000170 seconds
2017-03-05T07:47:56.319-0500: 73.864: Total time for which application threads were stopped: 0.0000170 seconds
2017-03-05T07:47:56.319-0500: 73.864: Total time for which application threads were stopped: 0.0000870 seconds
2017-03-05T07:47:56.319-0500: 73.864: Total time for which application threads were stopped: 0.0000250 seconds
2017-03-05T07:47:56.319-0500: 73.864: Total time for which application threads were stopped: 0.0000190 seconds
2017-03-05T07:47:56.319-0500: 73.865: Total time for which application threads were stopped: 0.0000230 seconds
2017-03-05T07:47:56.319-0500: 73.865: Total time for which application threads were stopped: 0.0000190 seconds
2017-03-05T07:47:56.320-0500: 73.865: Total time for which application threads were stopped: 0.0000230 seconds
2017-03-05T07:47:56.320-0500: 73.865: Total time for which application threads were stopped: 0.0000230 seconds
2017-03-05T07:47:56.320-0500: 73.865: Total time for which application threads were stopped: 0.0000210 seconds
2017-03-05T07:47:56.320-0500: 73.865: Total time for which application threads were stopped: 0.0000260 seconds
2017-03-05T07:47:56.331-0500: 73.877: Total time for which application threads were stopped: 0.0000760 seconds
2017-03-05T07:47:56.332-0500: 73.877: Total time for which application threads were stopped: 0.0000410 seconds
2017-03-05T07:47:56.332-0500: 73.877: Total time for which application threads were stopped: 0.0000340 seconds
2017-03-05T07:47:56.332-0500: 73.877: Total time for which application threads were stopped: 0.0000330 seconds
2017-03-05T07:47:56.332-0500: 73.877: Total time for which application threads were stopped: 0.0000450 seconds
2017-03-05T07:47:56.332-0500: 73.877: Total time for which application threads were stopped: 0.0000350 seconds
2017-03-05T07:47:56.332-0500: 73.877: Total time for which application threads were stopped: 0.0000340 seconds
2017-03-05T07:47:56.332-0500: 73.877: Total time for which application threads were stopped: 0.0000340 seconds
2017-03-05T07:47:56.332-0500: 73.877: Total time for which application threads were stopped: 0.0000330 seconds
2017-03-05T07:47:56.332-0500: 73.877: Total time for which application threads were stopped: 0.0000330 seconds
2017-03-05T07:47:56.332-0500: 73.877: Total time for which application threads were stopped: 0.0000330 seconds
2017-03-05T07:47:56.332-0500: 73.877: Total time for which application threads were stopped: 0.0000340 seconds
2017-03-05T07:47:56.332-0500: 73.877: Total time for which application threads were stopped: 0.0000350 seconds
2017-03-05T07:47:56.332-0500: 73.877: Total time for which application threads were stopped: 0.0000330 seconds
2017-03-05T07:47:56.332-0500: 73.877: Total time for which application threads were stopped: 0.0000330 seconds
2017-03-05T07:47:56.332-0500: 73.877: Total time for which application threads were stopped: 0.0000340 seconds
2017-03-05T07:47:56.332-0500: 73.877: Total time for which application threads were stopped: 0.0000340 seconds
2017-03-05T07:47:56.332-0500: 73.878: Total time for which application threads were stopped: 0.0000340 seconds
2017-03-05T07:47:56.332-0500: 73.878: Total time for which application threads were stopped: 0.0000340 seconds
2017-03-05T07:47:56.332-0500: 73.878: Total time for which application threads were stopped: 0.0001080 seconds
2017-03-05T07:47:56.381-0500: 73.926: Total time for which application threads were stopped: 0.0190850 seconds
2017-03-05T07:47:56.381-0500: 73.926: Total time for which application threads were stopped: 0.0000530 seconds
2017-03-05T07:47:56.381-0500: 73.927: Total time for which application threads were stopped: 0.0000500 seconds
2017-03-05T07:47:56.381-0500: 73.927: Total time for which application threads were stopped: 0.0000440 seconds
2017-03-05T07:47:56.391-0500: 73.937: Total time for which application threads were stopped: 0.0098480 seconds
2017-03-05T07:47:56.398-0500: 73.943: Total time for which application threads were stopped: 0.0001250 seconds
2017-03-05T07:47:56.405-0500: 73.951: Total time for which application threads were stopped: 0.0000750 seconds
2017-03-05T07:47:56.407-0500: 73.952: Total time for which application threads were stopped: 0.0000530 seconds
2017-03-05T07:47:56.415-0500: 73.960: Total time for which application threads were stopped: 0.0000820 seconds
2017-03-05T07:47:56.415-0500: 73.960: Total time for which application threads were stopped: 0.0000520 seconds
2017-03-05T07:47:56.415-0500: 73.961: Total time for which application threads were stopped: 0.0000400 seconds
2017-03-05T07:47:56.416-0500: 73.961: Total time for which application threads were stopped: 0.0000630 seconds
2017-03-05T07:47:56.416-0500: 73.961: Total time for which application threads were stopped: 0.0000610 seconds
2017-03-05T07:47:56.416-0500: 73.961: Total time for which application threads were stopped: 0.0000450 seconds
2017-03-05T07:47:56.424-0500: 73.969: Total time for which application threads were stopped: 0.0000810 seconds
2017-03-05T07:47:56.425-0500: 73.970: Total time for which application threads were stopped: 0.0000490 seconds
2017-03-05T07:47:56.425-0500: 73.970: Total time for which application threads were stopped: 0.0000550 seconds
2017-03-05T07:47:56.425-0500: 73.970: Total time for which application threads were stopped: 0.0000510 seconds
2017-03-05T07:47:56.426-0500: 73.971: Total time for which application threads were stopped: 0.0000640 seconds
2017-03-05T07:47:56.426-0500: 73.971: Total time for which application threads were stopped: 0.0000460 seconds
2017-03-05T07:47:56.427-0500: 73.972: Total time for which application threads were stopped: 0.0000620 seconds
2017-03-05T07:47:56.427-0500: 73.972: Total time for which application threads were stopped: 0.0000450 seconds
2017-03-05T07:47:56.427-0500: 73.973: Total time for which application threads were stopped: 0.0000560 seconds
2017-03-05T07:47:56.451-0500: 73.997: Total time for which application threads were stopped: 0.0121610 seconds
2017-03-05T07:47:56.453-0500: 73.999: Total time for which application threads were stopped: 0.0000350 seconds
2017-03-05T07:47:56.456-0500: 74.001: Total time for which application threads were stopped: 0.0001140 seconds
2017-03-05T07:47:56.456-0500: 74.001: Total time for which application threads were stopped: 0.0000300 seconds
2017-03-05T07:47:56.458-0500: 74.003: Total time for which application threads were stopped: 0.0000390 seconds
2017-03-05T07:47:56.566-0500: 74.112: Total time for which application threads were stopped: 0.0353380 seconds
2017-03-05T07:47:56.568-0500: 74.114: Total time for which application threads were stopped: 0.0000630 seconds
2017-03-05T07:47:57.115-0500: 74.660: Total time for which application threads were stopped: 0.0003050 seconds
2017-03-05T07:47:57.116-0500: 74.661: Total time for which application threads were stopped: 0.0000680 seconds
2017-03-05T07:47:57.161-0500: 74.707: Total time for which application threads were stopped: 0.0002460 seconds
2017-03-05T07:47:57.200-0500: 74.745: Total time for which application threads were stopped: 0.0003090 seconds
2017-03-05T07:47:57.554-0500: 75.099: [GC (Allocation Failure)
Desired survivor size 77594624 bytes, new threshold 1 (max 15)
[PSYoungGen: 212167K->16725K(273408K)] 337486K->150701K(623104K), 0.0491040 secs] [Times: user=0.05 sys=0.00, real=0.05 secs]
2017-03-05T07:47:57.603-0500: 75.148: Total time for which application threads were stopped: 0.0534560 seconds
2017-03-05T07:47:57.655-0500: 75.200: Total time for which application threads were stopped: 0.0009930 seconds
2017-03-05T07:47:57.657-0500: 75.203: Total time for which application threads were stopped: 0.0000560 seconds
2017-03-05T07:47:57.658-0500: 75.203: Total time for which application threads were stopped: 0.0000530 seconds
2017-03-05T07:47:57.658-0500: 75.203: Total time for which application threads were stopped: 0.0000430 seconds
2017-03-05T07:47:57.721-0500: 75.266: Total time for which application threads were stopped: 0.0001710 seconds
2017-03-05T07:47:58.621-0500: 76.167: Total time for which application threads were stopped: 0.0002820 seconds
2017-03-05T07:47:59.634-0500: 77.179: Total time for which application threads were stopped: 0.0112420 seconds
2017-03-05T07:47:59.742-0500: 77.287: Total time for which application threads were stopped: 0.0000960 seconds
2017-03-05T07:47:59.860-0500: 77.405: Total time for which application threads were stopped: 0.0071040 seconds
2017-03-05T07:47:59.967-0500: 77.513: Total time for which application threads were stopped: 0.0006440 seconds
2017-03-05T07:47:59.983-0500: 77.528: Total time for which application threads were stopped: 0.0000940 seconds
2017-03-05T07:47:59.983-0500: 77.528: Total time for which application threads were stopped: 0.0000290 seconds
2017-03-05T07:47:59.983-0500: 77.528: Total time for which application threads were stopped: 0.0000290 seconds
2017-03-05T07:47:59.983-0500: 77.528: Total time for which application threads were stopped: 0.0000290 seconds
2017-03-05T07:47:59.983-0500: 77.528: Total time for which application threads were stopped: 0.0000240 seconds
2017-03-05T07:48:00.000-0500: 77.546: Total time for which application threads were stopped: 0.0001360 seconds
2017-03-05T07:48:00.000-0500: 77.546: Total time for which application threads were stopped: 0.0000240 seconds
2017-03-05T07:48:00.000-0500: 77.546: Total time for which application threads were stopped: 0.0000210 seconds
2017-03-05T07:48:00.001-0500: 77.546: Total time for which application threads were stopped: 0.0001030 seconds
2017-03-05T07:48:00.252-0500: 77.797: Total time for which application threads were stopped: 0.0083780 seconds
2017-03-05T07:48:00.252-0500: 77.798: Total time for which application threads were stopped: 0.0000400 seconds
2017-03-05T07:48:00.305-0500: 77.850: Total time for which application threads were stopped: 0.0398540 seconds
2017-03-05T07:48:00.319-0500: 77.864: Total time for which application threads were stopped: 0.0004190 seconds
2017-03-05T07:48:00.328-0500: 77.873: Total time for which application threads were stopped: 0.0000870 seconds
2017-03-05T07:48:00.450-0500: 77.995: Total time for which application threads were stopped: 0.0001000 seconds
2017-03-05T07:48:00.450-0500: 77.995: Total time for which application threads were stopped: 0.0000610 seconds
2017-03-05T07:48:00.450-0500: 77.995: Total time for which application threads were stopped: 0.0000430 seconds
2017-03-05T07:48:00.526-0500: 78.071: Total time for which application threads were stopped: 0.0481120 seconds
2017-03-05T07:48:00.645-0500: 78.190: Total time for which application threads were stopped: 0.0000880 seconds
2017-03-05T07:48:01.647-0500: 79.192: Total time for which application threads were stopped: 0.0003220 seconds
2017-03-05T07:48:01.675-0500: 79.220: Total time for which application threads were stopped: 0.0001330 seconds
2017-03-05T07:48:01.699-0500: 79.244: Total time for which application threads were stopped: 0.0001490 seconds
2017-03-05T07:48:01.707-0500: 79.252: Total time for which application threads were stopped: 0.0067020 seconds
2017-03-05T07:48:01.793-0500: 79.338: Total time for which application threads were stopped: 0.0490800 seconds
2017-03-05T07:48:01.862-0500: 79.407: Total time for which application threads were stopped: 0.0001080 seconds
2017-03-05T07:48:01.880-0500: 79.425: Total time for which application threads were stopped: 0.0001160 seconds
2017-03-05T07:48:01.958-0500: 79.503: Total time for which application threads were stopped: 0.0211170 seconds
2017-03-05T07:48:01.963-0500: 79.508: Total time for which application threads were stopped: 0.0000670 seconds
2017-03-05T07:48:01.964-0500: 79.509: Total time for which application threads were stopped: 0.0000670 seconds
2017-03-05T07:48:01.964-0500: 79.510: Total time for which application threads were stopped: 0.0000800 seconds
2017-03-05T07:48:02.020-0500: 79.565: Total time for which application threads were stopped: 0.0007010 seconds
2017-03-05T07:48:02.034-0500: 79.579: Total time for which application threads were stopped: 0.0002170 seconds
2017-03-05T07:48:02.220-0500: 79.766: Total time for which application threads were stopped: 0.0005650 seconds
2017-03-05T07:48:03.222-0500: 80.767: Total time for which application threads were stopped: 0.0010940 seconds
2017-03-05T07:48:03.290-0500: 80.836: Total time for which application threads were stopped: 0.0000630 seconds
2017-03-05T07:48:03.302-0500: 80.847: Total time for which application threads were stopped: 0.0000670 seconds
2017-03-05T07:48:03.307-0500: 80.852: Total time for which application threads were stopped: 0.0001150 seconds
2017-03-05T07:48:03.327-0500: 80.872: Total time for which application threads were stopped: 0.0000740 seconds
2017-03-05T07:48:03.327-0500: 80.872: Total time for which application threads were stopped: 0.0000270 seconds
2017-03-05T07:48:03.333-0500: 80.878: [GC (Allocation Failure)
Desired survivor size 74448896 bytes, new threshold 1 (max 15)
[PSYoungGen: 212557K->38213K(267264K)] 346533K->176420K(616960K), 0.1049020 secs] [Times: user=0.05 sys=0.00, real=0.10 secs]
2017-03-05T07:48:03.438-0500: 80.983: Total time for which application threads were stopped: 0.1050900 seconds
2017-03-05T07:48:03.449-0500: 80.995: Total time for which application threads were stopped: 0.0001010 seconds
2017-03-05T07:48:03.453-0500: 80.999: Total time for which application threads were stopped: 0.0001290 seconds
2017-03-05T07:48:03.454-0500: 80.999: Total time for which application threads were stopped: 0.0000590 seconds
2017-03-05T07:48:03.454-0500: 80.999: Total time for which application threads were stopped: 0.0000560 seconds
2017-03-05T07:48:03.455-0500: 81.000: Total time for which application threads were stopped: 0.0000570 seconds
2017-03-05T07:48:03.455-0500: 81.000: Total time for which application threads were stopped: 0.0000510 seconds
2017-03-05T07:48:03.503-0500: 81.048: Total time for which application threads were stopped: 0.0031070 seconds
2017-03-05T07:48:03.503-0500: 81.049: Total time for which application threads were stopped: 0.0000350 seconds
2017-03-05T07:48:03.504-0500: 81.049: Total time for which application threads were stopped: 0.0002260 seconds
2017-03-05T07:48:03.504-0500: 81.049: Total time for which application threads were stopped: 0.0000360 seconds
2017-03-05T07:48:03.508-0500: 81.053: Total time for which application threads were stopped: 0.0000400 seconds
2017-03-05T07:48:07.218-0500: 84.764: Total time for which application threads were stopped: 0.0002870 seconds
2017-03-05T07:48:07.222-0500: 84.767: Total time for which application threads were stopped: 0.0000430 seconds
2017-03-05T07:48:07.224-0500: 84.770: Total time for which application threads were stopped: 0.0000370 seconds
2017-03-05T07:48:07.226-0500: 84.771: Total time for which application threads were stopped: 0.0000340 seconds
2017-03-05T07:48:07.230-0500: 84.775: Total time for which application threads were stopped: 0.0000420 seconds
2017-03-05T07:48:07.230-0500: 84.775: Total time for which application threads were stopped: 0.0000320 seconds
2017-03-05T07:48:07.230-0500: 84.775: Total time for which application threads were stopped: 0.0000260 seconds
2017-03-05T07:48:07.230-0500: 84.776: Total time for which application threads were stopped: 0.0000320 seconds
2017-03-05T07:48:07.231-0500: 84.776: Total time for which application threads were stopped: 0.0000320 seconds
2017-03-05T07:48:07.231-0500: 84.776: Total time for which application threads were stopped: 0.0000300 seconds
2017-03-05T07:48:07.241-0500: 84.786: Total time for which application threads were stopped: 0.0000790 seconds
2017-03-05T07:48:07.242-0500: 84.787: Total time for which application threads were stopped: 0.0000340 seconds
2017-03-05T07:48:07.242-0500: 84.787: Total time for which application threads were stopped: 0.0000310 seconds
2017-03-05T07:48:07.277-0500: 84.822: Total time for which application threads were stopped: 0.0000750 seconds
2017-03-05T07:48:07.279-0500: 84.824: Total time for which application threads were stopped: 0.0000370 seconds
2017-03-05T07:48:07.284-0500: 84.829: Total time for which application threads were stopped: 0.0000440 seconds
2017-03-05T07:48:08.352-0500: 85.897: Total time for which application threads were stopped: 0.0265530 seconds
2017-03-05T07:48:08.354-0500: 85.899: Total time for which application threads were stopped: 0.0000430 seconds
2017-03-05T07:48:08.354-0500: 85.899: Total time for which application threads were stopped: 0.0000270 seconds
2017-03-05T07:48:08.358-0500: 85.903: Total time for which application threads were stopped: 0.0000540 seconds
2017-03-05T07:48:08.360-0500: 85.905: Total time for which application threads were stopped: 0.0000410 seconds
2017-03-05T07:48:08.366-0500: 85.911: Total time for which application threads were stopped: 0.0000880 seconds
2017-03-05T07:48:09.366-0500: 86.912: Total time for which application threads were stopped: 0.0002500 seconds
2017-03-05T07:48:09.752-0500: 87.297: Total time for which application threads were stopped: 0.0001040 seconds
2017-03-05T07:48:09.797-0500: 87.342: Total time for which application threads were stopped: 0.0001030 seconds
2017-03-05T07:48:09.804-0500: 87.349: Total time for which application threads were stopped: 0.0000730 seconds
2017-03-05T07:48:09.804-0500: 87.349: Total time for which application threads were stopped: 0.0000280 seconds
2017-03-05T07:48:09.804-0500: 87.349: Total time for which application threads were stopped: 0.0000400 seconds
2017-03-05T07:48:09.804-0500: 87.349: Total time for which application threads were stopped: 0.0000460 seconds
2017-03-05T07:48:12.177-0500: 89.722: Total time for which application threads were stopped: 0.0002350 seconds
2017-03-05T07:48:12.179-0500: 89.724: Total time for which application threads were stopped: 0.0000400 seconds
2017-03-05T07:48:12.179-0500: 89.724: Total time for which application threads were stopped: 0.0000360 seconds
2017-03-05T07:48:12.282-0500: 89.827: Total time for which application threads were stopped: 0.0000770 seconds
2017-03-05T07:48:12.284-0500: 89.829: Total time for which application threads were stopped: 0.0000370 seconds
2017-03-05T07:48:12.284-0500: 89.829: Total time for which application threads were stopped: 0.0000260 seconds
2017-03-05T07:48:13.291-0500: 90.836: Total time for which application threads were stopped: 0.0004910 seconds
2017-03-05T07:48:13.294-0500: 90.840: Total time for which application threads were stopped: 0.0007450 seconds
2017-03-05T07:48:13.295-0500: 90.840: Total time for which application threads were stopped: 0.0002570 seconds
2017-03-05T07:48:13.296-0500: 90.842: Total time for which application threads were stopped: 0.0000440 seconds
2017-03-05T07:48:13.300-0500: 90.845: Total time for which application threads were stopped: 0.0000440 seconds
2017-03-05T07:48:17.171-0500: 94.716: Total time for which application threads were stopped: 0.0002340 seconds
2017-03-05T07:48:17.172-0500: 94.717: Total time for which application threads were stopped: 0.0000420 seconds
2017-03-05T07:48:17.285-0500: 94.830: Total time for which application threads were stopped: 0.0000840 seconds
2017-03-05T07:48:17.286-0500: 94.831: Total time for which application threads were stopped: 0.0000480 seconds
2017-03-05T07:48:18.206-0500: 95.751: Total time for which application threads were stopped: 0.0002250 seconds
2017-03-05T07:48:18.208-0500: 95.753: Total time for which application threads were stopped: 0.0000390 seconds
2017-03-05T07:48:18.340-0500: 95.885: Total time for which application threads were stopped: 0.0000850 seconds
2017-03-05T07:48:18.342-0500: 95.887: [GC (Allocation Failure)
Desired survivor size 82837504 bytes, new threshold 1 (max 15)
[PSYoungGen: 227659K->66480K(264192K)] 365866K->341571K(613888K), 0.1807240 secs] [Times: user=0.07 sys=0.16, real=0.18 secs]
2017-03-05T07:48:18.523-0500: 96.068: Total time for which application threads were stopped: 0.1809420 seconds
2017-03-05T07:48:18.527-0500: 96.072: Total time for which application threads were stopped: 0.0000790 seconds
2017-03-05T07:48:22.191-0500: 99.736: Total time for which application threads were stopped: 0.0002280 seconds
2017-03-05T07:48:22.295-0500: 99.841: Total time for which application threads were stopped: 0.0000840 seconds
2017-03-05T07:48:23.224-0500: 100.770: Total time for which application threads were stopped: 0.0002900 seconds
2017-03-05T07:48:23.293-0500: 100.839: Total time for which application threads were stopped: 0.0001040 seconds
2017-03-05T07:48:27.169-0500: 104.714: Total time for which application threads were stopped: 0.0003150 seconds
2017-03-05T07:48:27.253-0500: 104.798: Total time for which application threads were stopped: 0.0000940 seconds
2017-03-05T07:48:28.200-0500: 105.745: Total time for which application threads were stopped: 0.0002920 seconds
2017-03-05T07:48:28.202-0500: 105.747: Total time for which application threads were stopped: 0.0000600 seconds
2017-03-05T07:48:28.308-0500: 105.854: Total time for which application threads were stopped: 0.0000890 seconds
2017-03-05T07:48:28.310-0500: 105.855: Total time for which application threads were stopped: 0.0000640 seconds
2017-03-05T07:48:32.170-0500: 109.715: Total time for which application threads were stopped: 0.0002840 seconds
2017-03-05T07:48:32.172-0500: 109.717: Total time for which application threads were stopped: 0.0000530 seconds
2017-03-05T07:48:32.286-0500: 109.832: Total time for which application threads were stopped: 0.0001030 seconds
2017-03-05T07:48:32.288-0500: 109.833: Total time for which application threads were stopped: 0.0000480 seconds
2017-03-05T07:48:33.291-0500: 110.837: Total time for which application threads were stopped: 0.0002560 seconds
2017-03-05T07:48:33.293-0500: 110.838: Total time for which application threads were stopped: 0.0000620 seconds
2017-03-05T07:48:33.294-0500: 110.840: Total time for which application threads were stopped: 0.0000390 seconds
2017-03-05T07:48:37.174-0500: 114.719: Total time for which application threads were stopped: 0.0002720 seconds
2017-03-05T07:48:37.175-0500: 114.721: Total time for which application threads were stopped: 0.0000410 seconds
2017-03-05T07:48:37.176-0500: 114.721: Total time for which application threads were stopped: 0.0000270 seconds
2017-03-05T07:48:37.176-0500: 114.721: Total time for which application threads were stopped: 0.0000260 seconds
2017-03-05T07:48:37.176-0500: 114.721: Total time for which application threads were stopped: 0.0000250 seconds
2017-03-05T07:48:37.176-0500: 114.721: Total time for which application threads were stopped: 0.0000300 seconds
2017-03-05T07:48:37.176-0500: 114.721: Total time for which application threads were stopped: 0.0000260 seconds
2017-03-05T07:48:37.176-0500: 114.721: Total time for which application threads were stopped: 0.0000320 seconds
2017-03-05T07:48:37.177-0500: 114.722: Total time for which application threads were stopped: 0.0000360 seconds
2017-03-05T07:48:37.178-0500: 114.723: Total time for which application threads were stopped: 0.0000350 seconds
2017-03-05T07:48:37.251-0500: 114.796: Total time for which application threads were stopped: 0.0000800 seconds
2017-03-05T07:48:38.297-0500: 115.843: Total time for which application threads were stopped: 0.0002570 seconds
2017-03-05T07:48:38.300-0500: 115.845: Total time for which application threads were stopped: 0.0000440 seconds
2017-03-05T07:48:42.177-0500: 119.722: Total time for which application threads were stopped: 0.0003290 seconds
2017-03-05T07:48:42.247-0500: 119.792: Total time for which application threads were stopped: 0.0000870 seconds
2017-03-05T07:48:43.207-0500: 120.753: Total time for which application threads were stopped: 0.0002560 seconds
2017-03-05T07:48:43.340-0500: 120.885: Total time for which application threads were stopped: 0.0000840 seconds
2017-03-05T07:48:47.190-0500: 124.735: Total time for which application threads were stopped: 0.0002750 seconds
2017-03-05T07:48:47.285-0500: 124.830: Total time for which application threads were stopped: 0.0000810 seconds
2017-03-05T07:48:48.201-0500: 125.746: Total time for which application threads were stopped: 0.0002780 seconds
2017-03-05T07:48:48.309-0500: 125.854: Total time for which application threads were stopped: 0.0000840 seconds
2017-03-05T07:48:52.207-0500: 129.753: Total time for which application threads were stopped: 0.0002530 seconds
2017-03-05T07:48:52.277-0500: 129.822: Total time for which application threads were stopped: 0.0000960 seconds
2017-03-05T07:48:53.224-0500: 130.769: Total time for which application threads were stopped: 0.0002600 seconds
2017-03-05T07:48:53.341-0500: 130.886: Total time for which application threads were stopped: 0.0000910 seconds
2017-03-05T07:48:57.183-0500: 134.728: Total time for which application threads were stopped: 0.0002790 seconds
2017-03-05T07:48:57.290-0500: 134.835: Total time for which application threads were stopped: 0.0000900 seconds
2017-03-05T07:48:58.290-0500: 135.835: Total time for which application threads were stopped: 0.0002670 seconds
2017-03-05T07:48:58.290-0500: 135.836: Total time for which application threads were stopped: 0.0000410 seconds
2017-03-05T07:48:58.292-0500: 135.837: Total time for which application threads were stopped: 0.0000440 seconds
2017-03-05T07:48:58.293-0500: 135.839: Total time for which application threads were stopped: 0.0000400 seconds
2017-03-05T07:48:58.293-0500: 135.839: Total time for which application threads were stopped: 0.0000280 seconds
2017-03-05T07:48:58.293-0500: 135.839: Total time for which application threads were stopped: 0.0000390 seconds
2017-03-05T07:48:58.294-0500: 135.839: Total time for which application threads were stopped: 0.0000300 seconds
2017-03-05T07:48:58.294-0500: 135.839: Total time for which application threads were stopped: 0.0000490 seconds
2017-03-05T07:48:58.294-0500: 135.839: Total time for which application threads were stopped: 0.0000290 seconds
2017-03-05T07:48:58.294-0500: 135.839: Total time for which application threads were stopped: 0.0000350 seconds
2017-03-05T07:48:58.295-0500: 135.840: Total time for which application threads were stopped: 0.0000390 seconds
2017-03-05T07:48:58.296-0500: 135.841: Total time for which application threads were stopped: 0.0000380 seconds
2017-03-05T07:48:59.297-0500: 136.842: Total time for which application threads were stopped: 0.0003260 seconds
2017-03-05T07:49:02.203-0500: 139.749: Total time for which application threads were stopped: 0.0002430 seconds
2017-03-05T07:49:02.283-0500: 139.828: Total time for which application threads were stopped: 0.0003580 seconds
2017-03-05T07:49:03.226-0500: 140.772: Total time for which application threads were stopped: 0.0002460 seconds
2017-03-05T07:49:03.343-0500: 140.888: Total time for which application threads were stopped: 0.0000840 seconds
2017-03-05T07:49:07.195-0500: 144.740: Total time for which application threads were stopped: 0.0002740 seconds
2017-03-05T07:49:07.272-0500: 144.818: Total time for which application threads were stopped: 0.0000880 seconds
2017-03-05T07:49:08.298-0500: 145.843: Total time for which application threads were stopped: 0.0003250 seconds
2017-03-05T07:49:08.301-0500: 145.846: Total time for which application threads were stopped: 0.0000540 seconds
2017-03-05T07:49:12.170-0500: 149.715: Total time for which application threads were stopped: 0.0002950 seconds
2017-03-05T07:49:12.248-0500: 149.793: Total time for which application threads were stopped: 0.0000990 seconds
2017-03-05T07:49:13.228-0500: 150.773: Total time for which application threads were stopped: 0.0002800 seconds
2017-03-05T07:49:13.331-0500: 150.876: Total time for which application threads were stopped: 0.0001070 seconds
2017-03-05T07:49:17.170-0500: 154.715: Total time for which application threads were stopped: 0.0002620 seconds
2017-03-05T07:49:17.269-0500: 154.814: Total time for which application threads were stopped: 0.0000950 seconds
2017-03-05T07:49:18.292-0500: 155.838: Total time for which application threads were stopped: 0.0003190 seconds
2017-03-05T07:49:18.294-0500: 155.840: Total time for which application threads were stopped: 0.0000390 seconds
2017-03-05T07:49:22.169-0500: 159.714: Total time for which application threads were stopped: 0.0003240 seconds
2017-03-05T07:49:22.310-0500: 159.855: Total time for which application threads were stopped: 0.0001210 seconds
2017-03-05T07:49:23.233-0500: 160.778: Total time for which application threads were stopped: 0.0002660 seconds
2017-03-05T07:49:23.264-0500: 160.809: Total time for which application threads were stopped: 0.0000960 seconds
2017-03-05T07:49:27.197-0500: 164.742: Total time for which application threads were stopped: 0.0002550 seconds
2017-03-05T07:49:27.274-0500: 164.819: Total time for which application threads were stopped: 0.0003890 seconds
2017-03-05T07:49:39.808-0500: 177.353: Total time for which application threads were stopped: 0.0003090 seconds
2017-03-05T07:49:39.809-0500: 177.354: Total time for which application threads were stopped: 0.0000480 seconds
2017-03-05T07:49:39.809-0500: 177.354: Total time for which application threads were stopped: 0.0000540 seconds
2017-03-05T07:49:39.809-0500: 177.354: Total time for which application threads were stopped: 0.0000420 seconds
2017-03-05T07:49:39.809-0500: 177.354: Total time for which application threads were stopped: 0.0000370 seconds
2017-03-05T07:49:39.810-0500: 177.355: Total time for which application threads were stopped: 0.0000420 seconds
2017-03-05T07:49:39.810-0500: 177.355: Total time for which application threads were stopped: 0.0000340 seconds
2017-03-05T07:49:39.810-0500: 177.355: Total time for which application threads were stopped: 0.0000370 seconds
2017-03-05T07:49:39.810-0500: 177.355: Total time for which application threads were stopped: 0.0000350 seconds
2017-03-05T07:49:39.810-0500: 177.355: Total time for which application threads were stopped: 0.0000390 seconds
2017-03-05T07:49:39.810-0500: 177.356: Total time for which application threads were stopped: 0.0000400 seconds
2017-03-05T07:49:39.810-0500: 177.356: Total time for which application threads were stopped: 0.0000390 seconds
2017-03-05T07:49:39.811-0500: 177.356: Total time for which application threads were stopped: 0.0000340 seconds
2017-03-05T07:49:39.811-0500: 177.356: Total time for which application threads were stopped: 0.0000380 seconds
2017-03-05T07:49:39.811-0500: 177.356: Total time for which application threads were stopped: 0.0000480 seconds
2017-03-05T07:50:32.817-0500: 230.362: Total time for which application threads were stopped: 0.0003640 seconds
2017-03-05T07:50:59.819-0500: 257.364: Total time for which application threads were stopped: 0.0002480 seconds
2017-03-05T07:51:59.831-0500: 317.376: Total time for which application threads were stopped: 0.0003300 seconds
2017-03-05T07:52:00.831-0500: 318.376: Total time for which application threads were stopped: 0.0002690 seconds
2017-03-05T07:52:02.989-0500: 320.534: Total time for which application threads were stopped: 0.0003180 seconds
2017-03-05T07:53:00.995-0500: 378.541: Total time for which application threads were stopped: 0.0004300 seconds
2017-03-05T07:53:58.003-0500: 435.548: Total time for which application threads were stopped: 0.0003070 seconds
2017-03-05T07:54:01.003-0500: 438.548: Total time for which application threads were stopped: 0.0003810 seconds
2017-03-05T07:55:02.009-0500: 499.554: Total time for which application threads were stopped: 0.0004860 seconds
2017-03-05T07:56:08.018-0500: 565.564: Total time for which application threads were stopped: 0.0003490 seconds
2017-03-05T07:57:02.007-0500: 619.552: [GC (Allocation Failure)
Desired survivor size 81788928 bytes, new threshold 1 (max 15)
[PSYoungGen: 264112K->17152K(269824K)] 539203K->358547K(619520K), 0.0568380 secs] [Times: user=0.05 sys=0.03, real=0.06 secs]
2017-03-05T07:57:02.064-0500: 619.609: [Full GC (Ergonomics) [PSYoungGen: 17152K->0K(269824K)] [ParOldGen: 341395K->307548K(531968K)] 358547K->307548K(801792K) [PSPermGen: 59967K->59935K(83968K)], 0.6412190 secs] [Times: user=0.68 sys=0.00, real=0.64 secs]
2017-03-05T07:57:02.705-0500: 620.251: Total time for which application threads were stopped: 0.6986440 seconds
2017-03-05T07:57:03.706-0500: 621.251: Total time for which application threads were stopped: 0.0003560 seconds
2017-03-05T07:57:47.711-0500: 665.256: Total time for which application threads were stopped: 0.0002450 seconds
2017-03-05T07:57:48.711-0500: 666.256: Total time for which application threads were stopped: 0.0002700 seconds
2017-03-05T07:58:02.712-0500: 680.258: Total time for which application threads were stopped: 0.0002580 seconds
2017-03-05T07:58:03.713-0500: 681.258: Total time for which application threads were stopped: 0.0004260 seconds
2017-03-05T07:58:53.718-0500: 731.263: Total time for which application threads were stopped: 0.0002900 seconds
2017-03-05T07:59:03.719-0500: 741.264: Total time for which application threads were stopped: 0.0003520 seconds
2017-03-05T07:59:33.723-0500: 771.268: Total time for which application threads were stopped: 0.0003040 seconds
2017-03-05T07:59:39.839-0500: 777.385: Total time for which application threads were stopped: 0.0002910 seconds
2017-03-05T07:59:39.839-0500: 777.385: Total time for which application threads were stopped: 0.0000460 seconds
2017-03-05T08:00:04.843-0500: 802.388: Total time for which application threads were stopped: 0.0004040 seconds
2017-03-05T08:00:07.844-0500: 805.389: Total time for which application threads were stopped: 0.0003640 seconds
2017-03-05T08:00:56.862-0500: 854.407: Total time for which application threads were stopped: 0.0003480 seconds
2017-03-05T08:01:04.863-0500: 862.408: Total time for which application threads were stopped: 0.0004880 seconds
2017-03-05T08:02:04.874-0500: 922.419: Total time for which application threads were stopped: 0.0003260 seconds
2017-03-05T08:02:13.875-0500: 931.420: Total time for which application threads were stopped: 0.0004100 seconds
2017-03-05T08:02:56.879-0500: 974.424: Total time for which application threads were stopped: 0.0005890 seconds
2017-03-05T08:03:05.880-0500: 983.425: Total time for which application threads were stopped: 0.0003510 seconds
2017-03-05T08:04:56.892-0500: 1094.438: Total time for which application threads were stopped: 0.0003350 seconds
2017-03-05T08:05:05.893-0500: 1103.439: Total time for which application threads were stopped: 0.0003510 seconds
2017-03-05T08:05:22.895-0500: 1120.441: Total time for which application threads were stopped: 0.0003330 seconds
2017-03-05T08:06:06.234-0500: 1163.779: [GC (Allocation Failure)
Desired survivor size 83361792 bytes, new threshold 1 (max 15)
[PSYoungGen: 188928K->864K(189952K)] 496476K->308412K(721920K), 0.0070340 secs] [Times: user=0.01 sys=0.00, real=0.01 secs]
2017-03-05T08:06:06.241-0500: 1163.786: Total time for which application threads were stopped: 0.0075640 seconds
2017-03-05T08:07:14.250-0500: 1231.795: Total time for which application threads were stopped: 0.0003440 seconds
2017-03-05T08:07:27.252-0500: 1244.797: Total time for which application threads were stopped: 0.0003020 seconds
2017-03-05T08:08:07.256-0500: 1284.801: Total time for which application threads were stopped: 0.0003720 seconds
2017-03-05T08:11:08.274-0500: 1465.819: Total time for which application threads were stopped: 0.0003540 seconds
2017-03-05T08:11:09.274-0500: 1466.819: Total time for which application threads were stopped: 0.0002950 seconds
2017-03-05T08:11:43.278-0500: 1500.823: Total time for which application threads were stopped: 0.0004360 seconds
2017-03-05T08:12:08.281-0500: 1525.826: Total time for which application threads were stopped: 0.0005450 seconds
2017-03-05T08:13:08.288-0500: 1585.833: Total time for which application threads were stopped: 0.0003480 seconds
2017-03-05T08:13:09.288-0500: 1586.834: Total time for which application threads were stopped: 0.0002940 seconds
2017-03-05T08:13:12.289-0500: 1589.834: Total time for which application threads were stopped: 0.0003430 seconds
2017-03-05T08:15:12.864-0500: 1710.409: [GC (Allocation Failure)
Desired survivor size 83886080 bytes, new threshold 1 (max 15)
[PSYoungGen: 189792K->736K(267264K)] 497340K->308620K(799232K), 0.0070920 secs] [Times: user=0.01 sys=0.00, real=0.01 secs]
2017-03-05T08:15:12.871-0500: 1710.416: Total time for which application threads were stopped: 0.0076150 seconds
2017-03-05T08:15:17.872-0500: 1715.417: Total time for which application threads were stopped: 0.0003010 seconds
2017-03-05T08:17:12.901-0500: 1830.447: Total time for which application threads were stopped: 0.0003020 seconds
2017-03-05T08:18:09.908-0500: 1887.453: Total time for which application threads were stopped: 0.0003150 seconds
2017-03-05T08:18:33.911-0500: 1911.456: Total time for which application threads were stopped: 0.0003210 seconds
2017-03-05T08:18:56.913-0500: 1934.458: Total time for which application threads were stopped: 0.0003360 seconds
2017-03-05T08:19:10.914-0500: 1948.460: Total time for which application threads were stopped: 0.0002670 seconds
2017-03-05T08:20:37.927-0500: 2035.472: Total time for which application threads were stopped: 0.0003420 seconds
2017-03-05T08:20:38.928-0500: 2036.473: Total time for which application threads were stopped: 0.0003570 seconds
2017-03-05T08:20:49.904-0500: 2047.450: Total time for which application threads were stopped: 0.0005810 seconds
2017-03-05T08:20:49.904-0500: 2047.450: Total time for which application threads were stopped: 0.0000300 seconds
2017-03-05T08:21:02.906-0500: 2060.451: Total time for which application threads were stopped: 0.0003760 seconds
2017-03-05T08:21:10.907-0500: 2068.452: Total time for which application threads were stopped: 0.0002820 seconds
2017-03-05T08:21:12.907-0500: 2070.453: Total time for which application threads were stopped: 0.0002810 seconds
2017-03-05T08:21:22.910-0500: 2080.456: Total time for which application threads were stopped: 0.0002890 seconds
2017-03-05T08:22:10.915-0500: 2128.460: Total time for which application threads were stopped: 0.0002930 seconds
2017-03-05T08:23:11.921-0500: 2189.466: Total time for which application threads were stopped: 0.0003880 seconds
2017-03-05T08:24:11.928-0500: 2249.474: Total time for which application threads were stopped: 0.0003700 seconds
2017-03-05T08:24:52.296-0500: 2289.842: [GC (Allocation Failure)
Desired survivor size 83886080 bytes, new threshold 1 (max 15)
[PSYoungGen: 186592K->832K(181760K)] 494476K->309044K(713728K), 0.0105760 secs] [Times: user=0.01 sys=0.00, real=0.01 secs]
2017-03-05T08:24:52.307-0500: 2289.852: Total time for which application threads were stopped: 0.0110220 seconds
2017-03-05T08:26:40.320-0500: 2397.865: Total time for which application threads were stopped: 0.0003540 seconds
2017-03-05T08:34:08.200-0500: 2845.746: [GC (Allocation Failure)
Desired survivor size 82313216 bytes, new threshold 1 (max 15)
[PSYoungGen: 181568K->736K(250368K)] 489780K->309284K(782336K), 0.0076300 secs] [Times: user=0.01 sys=0.00, real=0.01 secs]
2017-03-05T08:34:08.208-0500: 2845.753: Total time for which application threads were stopped: 0.0081190 seconds
2017-03-05T08:34:38.211-0500: 2875.756: Total time for which application threads were stopped: 0.0003200 seconds
2017-03-05T08:35:59.219-0500: 2956.764: Total time for which application threads were stopped: 0.0003450 seconds
2017-03-05T08:36:42.223-0500: 2999.768: Total time for which application threads were stopped: 0.0003300 seconds
2017-03-05T08:38:14.232-0500: 3091.777: Total time for which application threads were stopped: 0.0003750 seconds
2017-03-05T08:39:15.238-0500: 3152.783: Total time for which application threads were stopped: 0.0003670 seconds
2017-03-05T08:41:54.252-0500: 3311.797: Total time for which application threads were stopped: 0.0003800 seconds
2017-03-05T08:42:17.255-0500: 3334.800: Total time for which application threads were stopped: 0.0003460 seconds
2017-03-05T08:42:42.247-0500: 3359.793: [GC (Allocation Failure)
Desired survivor size 80740352 bytes, new threshold 1 (max 15)
[PSYoungGen: 176864K->640K(172544K)] 485412K->309492K(704512K), 0.0096050 secs] [Times: user=0.01 sys=0.00, real=0.01 secs]
2017-03-05T08:42:42.257-0500: 3359.802: Total time for which application threads were stopped: 0.0100020 seconds
2017-03-05T08:44:49.271-0500: 3486.816: Total time for which application threads were stopped: 0.0003530 seconds
2017-03-05T08:44:50.271-0500: 3487.816: Total time for which application threads were stopped: 0.0002910 seconds
2017-03-05T08:44:59.272-0500: 3496.818: Total time for which application threads were stopped: 0.0002800 seconds
2017-03-05T08:46:58.313-0500: 3615.858: Total time for which application threads were stopped: 0.0003080 seconds
